2 add 3 = 5
1 add 2 = 3
1 add 2 = 3
1 add 2 = 3
1 add 2 = 3
1 add 2 = 3
1 add 2 = 3
1 add 2 = 3
1 add 2 = 3
1 add 2 = 3
1 add 2 = 3
1 add 2 = 3
1 add 2 = 3
1 add 2 = 3
1 add 2 = 3
1 add 2 = 3
1 add 2 = 3
1 add 2 = 3
1 add 2 = 3
1 add 2 = 3
1 add 2 = 3
1 add 2 = 3
1 add 2 = 3
1 add 2 = 3
1 add 2 = 3
1 add 2 = 3
1 add 2 = 3
1 add 2 = 3
1 add 2 = 3
4 add 6 = 10
8 multiply 3 = 24
2 add 6 = 8
2 add 2 = 4
2 add 6 = 8
69 divide 2 = 34.5
700 divide 2 = 350
700 subtract 290 = 410
753 subtract 29 = 724
2 subtract 29 = -27
69 subtract 2 = 67
69 add 2 = 71
69 multiply 2 = 138
69 divide 2 = 34.5
3 add 4 = 7
69 divide 2 = 34.5
69 subtract 2 = 67
69 multiply 2 = 138
